2785148929
805437940
2785148930
805437941
2785148931
805437942
2785148932
805437943
2785148933
805437944
2785148934
805437945
2785148935
805437946
2785148936
805437947
2785148928
805437948
2785148928
805437949
2785148928
805437950
2785148928
805437951
2785148928
539230708
3661758464
3661758466
2787246081
539230708
3661758465
3661758467
2787246081
539230708
3661758468
3661758470
2787246081
539230708
3661758469
3661758471
2785148928
539230712
3661889536
3661889540
2787246081
539230712
3661889538
3661889542
2787246081
539230712
3661889537
3661889541
2787246081
539230712
3661889539
3661889543
3290718208
2785542144
3596746752
3596877825
2149867520
814088700
2793930753
3596746754
3596877827
2149867520
814088700
2793930753
3596746756
3596877829
2149867520
814088700
2793930753
3596746758
3596877831
2149867520
814088700
0
