2785148929
805437940
2785148930
805437941
2785148931
805437942
2785148932
805437943
2785148933
805437944
2785148934
805437945
2785148935
805437946
2785148936
805437947
2785148928
805437948
2785148928
805437949
2785148928
805437950
2785148928
805437951
2785148930
2785280002
2785411074
2785542144
2189639680
188743704
2785673216
2191867904
188743699
2785804288
2786197504
2194096128
188743690
2223325184
2161459200
558760436
2227650560
2159362048
558891512
2230403072
2169708544
2798387201
100794356
2223325184
2159362048
827458044
2796158977
100794347
2793930753
100794342
0
